<?xml version="1.0" encoding="UTF-8"?>
<!-- Generated by org.testng.reporters.JUnitReportReporter -->
<testsuite hostname="DESKTOP-GGQ6OF8" failures="0" tests="2" name="com.SwagLabs.Testlayer.Addtocarttest" time="60.410" errors="0" timestamp="2024-08-30T21:59:19 IST" skipped="0">
  <testcase classname="com.SwagLabs.Testlayer.Addtocarttest" name="validateaddtocartfunctionalitywithpricelowtohigh" time="33.092"/>
  <testcase classname="com.SwagLabs.Testlayer.Addtocarttest" name="validateaddtocarttest" time="27.318"/>
</testsuite> <!-- com.SwagLabs.Testlayer.Addtocarttest -->
