<?xml version="1.0" encoding="UTF-8"?>
<!-- Generated by org.testng.reporters.JUnitReportReporter -->
<testsuite hostname="DESKTOP-GGQ6OF8" failures="0" tests="1" name="com.SwagLabs.Testlayer.Addtocarttest" time="27.900" errors="0" timestamp="2024-08-23T22:42:29 IST" skipped="0">
  <testcase classname="com.SwagLabs.Testlayer.Addtocarttest" name="validateaddtocarttest" time="27.900"/>
</testsuite> <!-- com.SwagLabs.Testlayer.Addtocarttest -->
