<?xml version="1.0" encoding="UTF-8"?>
<!-- Generated by org.testng.reporters.JUnitReportReporter -->
<testsuite hostname="DESKTOP-GGQ6OF8" failures="0" tests="1" name="com.SwagLabs.Testlayer.Addtocarttest" time="34.684" errors="0" timestamp="2024-08-24T12:55:37 IST" skipped="0">
  <testcase classname="com.SwagLabs.Testlayer.Addtocarttest" name="validateaddtocartfunctionalitywithpricelowtohigh" time="34.684"/>
</testsuite> <!-- com.SwagLabs.Testlayer.Addtocarttest -->
