<?xml version="1.0" encoding="UTF-8"?>
<!-- Generated by org.testng.reporters.JUnitReportReporter -->
<testsuite hostname="DESKTOP-GGQ6OF8" failures="0" tests="2" name="com.SwagLabs.Testlayer.LoginTest" time="12.149" errors="0" timestamp="2024-08-30T21:59:19 IST" skipped="0">
  <testcase classname="com.SwagLabs.Testlayer.LoginTest" name="validatelogintest" time="6.034"/>
  <testcase classname="com.SwagLabs.Testlayer.LoginTest" name="validatelogintestwithinvalidcredntials" time="6.115"/>
</testsuite> <!-- com.SwagLabs.Testlayer.LoginTest -->
