<?xml version="1.0" encoding="UTF-8"?>
<!-- Generated by org.testng.reporters.JUnitReportReporter -->
<testsuite hostname="DESKTOP-GGQ6OF8" failures="0" tests="2" name="com.SwagLabs.Testlayer.Addtocarttest" time="61.108" errors="0" timestamp="2024-09-29T21:15:46 IST" skipped="0">
  <testcase classname="com.SwagLabs.Testlayer.Addtocarttest" name="validateaddtocartfunctionalitywithpricelowtohigh" time="33.002"/>
  <testcase classname="com.SwagLabs.Testlayer.Addtocarttest" name="validateaddtocarttest" time="28.106"/>
</testsuite> <!-- com.SwagLabs.Testlayer.Addtocarttest -->
